- Generating browser application bundles (phase: setup)...
Î“Â£Ã¶ Browser application bundle generation complete.
31 01 2026 19:29:54.194:INFO [karma-server]: Karma v6.4.4 server started at http://localhost:9876/
31 01 2026 19:29:54.198:INFO [launcher]: Launching browsers Chrome with concurrency unlimited
31 01 2026 19:29:54.206:INFO [launcher]: Starting browser Chrome
31 01 2026 19:29:55.627:INFO [Chrome 144.0.0.0 (Windows 10)]: Connected on socket xonb8wCpUvwyuLfeAAAB with id 3710841
Chrome 144.0.0.0 (Windows 10): Executed 0 of 7[32m SUCCESS[39m (0 secs / 0 secs)
[1A[2KChrome 144.0.0.0 (Windows 10): Executed 1 of 7[32m SUCCESS[39m (0 secs / 0.123 secs)
[1A[2K[31mChrome 144.0.0.0 (Windows 10) SearchBoxComponent should create FAILED[39m
	Error: NG05105: Unexpected synthetic property @transitionMessages found. Please make sure that:
	  - Either `BrowserAnimationsModule` or `NoopAnimationsModule` are imported in your application.
	  - There is corresponding configuration for the animation named `@transitionMessages` defined in the `animations` field of the `@Component` decorator (see https://angular.io/api/core/Component#animations).
	error properties: Object({ code: 5105 })
	    at checkNoSyntheticProp (node_modules/@angular/platform-browser/fesm2022/platform-browser.mjs:690:15)
	    at NoneEncapsulationDomRenderer.setProperty (node_modules/@angular/platform-browser/fesm2022/platform-browser.mjs:644:13)
	    at elementPropertyInternal (node_modules/@angular/core/fesm2022/core.mjs:11711:18)
	    at Module.â•”â•¡â•”â•¡property (node_modules/@angular/core/fesm2022/core.mjs:21289:9)
	    at templateFn (node_modules/@angular/material/fesm2022/form-field.mjs:16:103)
	    at executeTemplate (node_modules/@angular/core/fesm2022/core.mjs:11268:9)
	    at refreshView (node_modules/@angular/core/fesm2022/core.mjs:12791:13)
	    at detectChangesInView$1 (node_modules/@angular/core/fesm2022/core.mjs:13015:9)
	    at detectChangesInViewIfAttached (node_modules/@angular/core/fesm2022/core.mjs:12978:5)
	    at detectChangesInEmbeddedViews (node_modules/@angular/core/fesm2022/core.mjs:12935:13)
Chrome 144.0.0.0 (Windows 10): Executed 2 of 7[31m (1 FAILED)[39m (0 secs / 0.134 secs)
[1A[2KChrome 144.0.0.0 (Windows 10): Executed 3 of 7[31m (1 FAILED)[39m (0 secs / 0.177 secs)
[1A[2K[31mChrome 144.0.0.0 (Windows 10) NewsCardComponent should create FAILED[39m
	TypeError: Cannot read properties of undefined (reading 'urlToImage')
	    at templateFn (ng:///NewsCardComponent.js:31:46)
	    at executeTemplate (node_modules/@angular/core/fesm2022/core.mjs:11268:9)
	    at refreshView (node_modules/@angular/core/fesm2022/core.mjs:12791:13)
	    at detectChangesInView$1 (node_modules/@angular/core/fesm2022/core.mjs:13015:9)
	    at detectChangesInViewIfAttached (node_modules/@angular/core/fesm2022/core.mjs:12978:5)
	    at detectChangesInComponent (node_modules/@angular/core/fesm2022/core.mjs:12967:5)
	    at detectChangesInChildComponents (node_modules/@angular/core/fesm2022/core.mjs:13028:9)
	    at refreshView (node_modules/@angular/core/fesm2022/core.mjs:12841:13)
	    at detectChangesInView$1 (node_modules/@angular/core/fesm2022/core.mjs:13015:9)
	    at detectChangesInViewWhileDirty (node_modules/@angular/core/fesm2022/core.mjs:12732:5)
Chrome 144.0.0.0 (Windows 10): Executed 4 of 7[31m (2 FAILED)[39m (0 secs / 0.183 secs)
[1A[2KChrome 144.0.0.0 (Windows 10): Executed 5 of 7[31m (2 FAILED)[39m (0 secs / 0.192 secs)
[1A[2KChrome 144.0.0.0 (Windows 10): Executed 6 of 7[31m (2 FAILED)[39m (0 secs / 0.196 secs)
[1A[2KChrome 144.0.0.0 (Windows 10): Executed 7 of 7[31m (2 FAILED)[39m (0 secs / 0.197 secs)
[1A[2KChrome 144.0.0.0 (Windows 10): Executed 7 of 7[31m (2 FAILED)[39m (0.217 secs / 0.197 secs)
[31mTOTAL: 2 FAILED, 5 SUCCESS[39m
Î“Â£Ã¶ Browser application bundle generation complete.
Î“Â£Ã¶ Browser application bundle generation complete.
